Arguments: 
  C:\Program Files\nodejs\node.exe C:\Users\pamud\AppData\Roaming\npm\node_modules\yarn\bin\yarn.js install

PATH: 
  C:\Program Files\Common Files\Oracle\Java\javapath;C:\Python310\Scripts\;C:\Python310\;C:\Windows\system32;C:\Windows;C:\Windows\System32\Wbem;C:\Windows\System32\WindowsPowerShell\v1.0\;C:\Windows\System32\OpenSSH\;C:\Program Files\nodejs\;C:\ProgramData\chocolatey\bin;C:\Program Files\dotnet\;C:\Program Files\Git\cmd;C:\Program Files\apache-maven-3.8.5\bin;C:\sqlite3;C:\Program Files\Java\jdk-17.0.2\bin;C:\src\flutter\bin;C:\Users\pamud\AppData\Local\Pub\Cache\bin;C:\Program Files\heroku\bin;C:\Users\pamud\AppData\Local\Microsoft\WindowsApps;C:\Users\pamud\AppData\Local\Programs\Microsoft VS Code\bin;C:\Users\pamud\AppData\Roaming\npm;C:\Program Files\JetBrains\IntelliJ IDEA 2022.1.1\bin;;D:\Year 4 Semester 2\CTSE\flutter\bin;C:\Users\pamud\AppData\Local\Android\Sdk\platform-tools;C:\Program Files\heroku\bin;C:\ngrok;

Yarn version: 
  1.22.17

Node version: 
  16.13.1

Platform: 
  win32 x64

Trace: 
  Error: getaddrinfo ENOTFOUND registry.yarnpkg.com
      at GetAddrInfoReqWrap.onlookup [as oncomplete] (node:dns:71:26)

npm manifest: 
  {
    "main": "node_modules/expo/AppEntry.js",
    "scripts": {
      "start": "expo start",
      "android": "expo start --android",
      "ios": "expo start --ios",
      "web": "expo start --web",
      "eject": "expo eject",
      "test": "jest",
      "lint": "eslint . --ext .ts,.tsx --quiet"
    },
    "dependencies": {
      "@react-native-async-storage/async-storage": "1.17.3",
      "@react-native-community/masked-view": "0.1.10",
      "@react-native-voice/voice": "^3.2.4",
      "@react-navigation/drawer": "5.12.5",
      "@react-navigation/native": "5.9.4",
      "@react-navigation/stack": "5.14.5",
      "axios": "^1.3.5",
      "dayjs": "1.10.5",
      "eas-cli": "^3.12.0",
      "expo": "46.0.0",
      "expo-app-loading": "~2.1.0",
      "expo-blur": "~11.2.0",
      "expo-constants": "~13.2.4",
      "expo-haptics": "~11.3.0",
      "expo-image-picker": "~13.3.1",
      "expo-linear-gradient": "~11.4.0",
      "expo-localization": "~13.1.0",
      "expo-modules-core": "~0.11.10",
      "expo-status-bar": "~1.4.0",
      "i18n-js": "3.8.0",
      "react": "18.0.0",
      "react-dom": "18.0.0",
      "react-native": "0.69.9",
      "react-native-dropdown-select-list": "^2.0.4",
      "react-native-gesture-handler": "~2.5.0",
      "react-native-image-picker": "^5.3.1",
      "react-native-keyboard-aware-scroll-view": "0.9.4",
      "react-native-pager-view": "5.4.24",
      "react-native-reanimated": "~2.9.1",
      "react-native-safe-area-context": "4.3.1",
      "react-native-screens": "~3.15.0",
      "react-native-web": "~0.18.7",
      "uglify-es": "3.2.2",
      "sinhala-unicode-coverter": "^1.0.2"
      
    },
    "devDependencies": {
      "@babel/core": "7.12.9",
      "@react-native-community/eslint-config": "2.0.0",
      "@types/i18n-js": "3.8.1",
      "@types/react": "17.0.21",
      "@types/react-native": "0.67.6",
      "eslint": "7.28.0",
      "jest-expo": "45.0.0",
      "typescript": "4.3.5"
    },
    "private": true,
    "jest": {
      "preset": "jest-expo",
      "transformIgnorePatterns": [
        "node_modules/(?!(jest-)?react-native|react-clone-referenced-element|@react-native-community|expo(nent)?|@expo(nent)?/.*|react-navigation|@react-navigation/.*|@unimodules/.*|unimodules|sentry-expo|native-base|@sentry/.*)"
      ]
    }
  }

yarn manifest: 
  No manifest

Lockfile: 
  No lockfile
